[glowing.g5plus.net/elementor/home-03/index.html]
[backblue.gif]
[fade.gif]
[index.html]
[glowing.g5plus.net/elementor/wp-includes/js/jquery/jquery.minf43b.js]
[fonts.googleapis.com/index.html]
[glowing.g5plus.net/elementor/wp-includes/js/jquery/jquery-migrate.min5589.js]
[glowing.g5plus.net/elementor/wp-includes/js/underscore.min3ab8.js]
[glowing.g5plus.net/elementor/wp-content/litespeed/css/4d2aa288d77332dd4695b5fa7a96390f4648.css]
[glowing.g5plus.net/elementor/wp-content/plugins/g5-core/lib/smart-framework/assets/vendors/magnific-popup/jquery.magnific-popup.minf488.js]
[glowing.g5plus.net/elementor/wp-content/plugins/instagram-widget-by-wpzoom/dist/scripts/library/swiper3e03.js]
[glowing.g5plus.net/elementor/wp-content/plugins/instagram-widget-by-wpzoom/dist/scripts/frontend/block4190.js]
[glowing.g5plus.net/elementor/wp-content/plugins/elementor/assets/lib/font-awesome/js/v4-shims.minf4e1.js]
[glowing.g5plus.net/elementor/wp-content/uploads/2021/10/top-bar-animation.jpg]
[glowing.g5plus.net/elementor/wp-content/uploads/2021/10/logo-black.png]
[glowing.g5plus.net/elementor/wp-content/uploads/2021/10/bg-mega-menu.jpg]
[glowing.g5plus.net/elementor/wp-content/uploads/2021/10/bg-slider-09.jpg]
[glowing.g5plus.net/elementor/wp-content/plugins/g5-core/assets/images/placeholder-transparent.png]
[glowing.g5plus.net/elementor/wp-content/uploads/2021/10/banner-05.jpg]
[glowing.g5plus.net/elementor/wp-content/uploads/2021/10/banner-03.jpg]
[glowing.g5plus.net/elementor/wp-content/uploads/2021/10/banner-04.jpg]
[glowing.g5plus.net/elementor/wp-content/uploads/2021/10/product-06-3-400x533.jpg]
[glowing.g5plus.net/elementor/wp-content/uploads/2021/10/product-06-1-1-400x533.jpg]
[glowing.g5plus.net/elementor/wp-content/uploads/2021/10/product-07-04-400x533.jpg]
[glowing.g5plus.net/elementor/wp-content/uploads/2021/10/product-07-1-1-400x533.jpg]
[glowing.g5plus.net/elementor/wp-content/uploads/2021/10/product-14-3-400x533.jpg]
[glowing.g5plus.net/elementor/wp-content/uploads/2021/10/product-14-1-1-400x533.jpg]
[glowing.g5plus.net/elementor/wp-content/uploads/2021/10/product-08-04-400x533.jpg]
[glowing.g5plus.net/elementor/wp-content/uploads/2021/10/product-08-1-1-400x533.jpg]
[glowing.g5plus.net/elementor/wp-content/uploads/2021/10/product-15-1-1-400x533.jpg]
[glowing.g5plus.net/elementor/wp-content/uploads/2021/10/product-15-2-1-400x533.jpg]
[glowing.g5plus.net/elementor/wp-content/uploads/2021/10/product-12-3-400x533.jpg]
[glowing.g5plus.net/elementor/wp-content/uploads/2021/10/product-12-1-1-400x533.jpg]
[glowing.g5plus.net/elementor/wp-content/uploads/2021/10/product-16-1-1-400x533.jpg]
[glowing.g5plus.net/elementor/wp-content/uploads/2021/10/product-16-4-400x533.jpg]
[glowing.g5plus.net/elementor/wp-content/uploads/2021/10/product-10-3-400x533.jpg]
[glowing.g5plus.net/elementor/wp-content/uploads/2021/10/product-10-1-1-400x533.jpg]
[glowing.g5plus.net/elementor/wp-content/uploads/2021/10/clinet-logo-01.png]
[glowing.g5plus.net/elementor/wp-content/uploads/2021/10/clinet-logo-02.png]
[glowing.g5plus.net/elementor/home-03/index043a.html]
[glowing.g5plus.net/elementor/wp-content/uploads/2021/10/clinet-logo-03.png]
[glowing.g5plus.net/elementor/home-03/index20d3.html]
[mercantile.wordpress.org/product/wordpress-pennant/index.html]
[glowing.g5plus.net/elementor/wp-content/uploads/2021/10/clinet-logo-04.png]
[glowing.g5plus.net/elementor/wp-content/uploads/2021/10/clinet-logo-05.png]
[glowing.g5plus.net/elementor/wp-content/uploads/2021/10/clinet-logo-06.png]
[glowing.g5plus.net/elementor/wp-content/uploads/2021/10/video-01.jpg]
[glowing.g5plus.net/elementor/home-03/index456b.html]
[glowing.g5plus.net/elementor/home-03/indexb11e.html]
[glowing.g5plus.net/elementor/wp-content/uploads/2021/10/text-animation.jpg]
[glowing.g5plus.net/elementor/home-03/index850b.html]
[www.w3.org/1999/xlink.html]
[glowing.g5plus.net/elementor/wp-content/plugins/g5-core/assets/vendors/waypoints/jquery.waypoints.minf39e.js]
[glowing.g5plus.net/elementor/wp-content/plugins/g5-core/assets/vendors/vanilla-lazyload/lazyloadac35.js]
[glowing.g5plus.net/elementor/wp-content/plugins/yith-woocommerce-wishlist/assets/js/jquery.selectBox.min7359.js]
[glowing.g5plus.net/elementor/wp-content/plugins/woocommerce/assets/js/prettyPhoto/jquery.prettyPhoto.min005e.js]
[glowing.g5plus.net/elementor/wp-content/plugins/yith-woocommerce-wishlist/assets/js/jquery.yith-wcwl.min12f9.js]
[glowing.g5plus.net/elementor/wp-includes/js/dist/vendor/wp-polyfill.min2c7c.js]
[glowing.g5plus.net/elementor/wp-content/plugins/contact-form-7/includes/js/index40df.js]
[glowing.g5plus.net/elementor/wp-content/plugins/instagram-widget-by-wpzoom/dist/scripts/library/lazyd5b7.js]
[glowing.g5plus.net/elementor/wp-includes/js/wp-util.min32d4.js]
[glowing.g5plus.net/elementor/wp-content/plugins/instagram-widget-by-wpzoom/dist/scripts/frontend/indexb95e.js]
[glowing.g5plus.net/elementor/wp-content/plugins/woocommerce/assets/js/jquery-blockui/jquery.blockUI.min633e.js]
[glowing.g5plus.net/elementor/wp-content/plugins/woocommerce/assets/js/frontend/add-to-cart.minb6a4.js]
[glowing.g5plus.net/elementor/wp-content/plugins/woocommerce/assets/js/js-cookie/js.cookie.min88a5.js]
[glowing.g5plus.net/elementor/wp-content/plugins/woocommerce/assets/js/frontend/woocommerce.minb6a4.js]
[glowing.g5plus.net/elementor/wp-content/plugins/woocommerce/assets/js/frontend/cart-fragments.minb6a4.js]
[glowing.g5plus.net/elementor/wp-content/plugins/yith-woocommerce-compare/assets/js/woocompare.min5b0f.js]
[glowing.g5plus.net/elementor/wp-content/plugins/yith-woocommerce-compare/assets/js/jquery.colorbox-min13ac.js]
[glowing.g5plus.net/elementor/wp-content/plugins/ultimate-bootstrap-elements-for-elementor/assets/js/frontend.min7359.js]
[glowing.g5plus.net/elementor/wp-content/plugins/g5-core/assets/vendors/jquery.easing/jquery.easing.1.3.min4e44.js]
[glowing.g5plus.net/elementor/wp-content/plugins/g5-core/assets/vendors/bootstrap-select/js/bootstrap-select.min878e.js]
[glowing.g5plus.net/elementor/wp-content/plugins/g5-core/assets/vendors/bootstrap-select/js/i18n/defaults878e.js]
[glowing.g5plus.net/elementor/wp-content/plugins/g5-core/assets/vendors/bootstrap/js/bootstrap.bundle.min89df.js]
[glowing.g5plus.net/elementor/wp-content/plugins/g5-core/assets/vendors/ladda/spin.min97de.js]
[glowing.g5plus.net/elementor/wp-content/plugins/g5-core/assets/vendors/slick/slick.minc245.js]
[glowing.g5plus.net/elementor/wp-content/plugins/g5-core/assets/vendors/ladda/ladda.min97de.js]
[glowing.g5plus.net/elementor/wp-content/plugins/g5-core/assets/vendors/ladda/ladda.jquery.min97de.js]
[glowing.g5plus.net/elementor/wp-content/plugins/g5-core/lib/smart-framework/assets/vendors/hc-sticky/hc-sticky.min950a.js]
[glowing.g5plus.net/elementor/wp-content/plugins/g5-core/assets/vendors/parsleyjs/parsley.min1102.js]
[glowing.g5plus.net/elementor/wp-content/plugins/g5-core/lib/smart-framework/assets/vendors/perfect-scrollbar/js/perfect-scrollbar.jquery.minceb8.js]
[glowing.g5plus.net/elementor/wp-includes/js/imagesloaded.minbb93.js]
[glowing.g5plus.net/elementor/wp-content/plugins/g5-core/assets/vendors/pretty-tabs/jquery.pretty-tabs.min5152.js]
[glowing.g5plus.net/elementor/wp-content/plugins/g5-core/assets/vendors/isotope/isotope.pkgd.min459e.js]
[glowing.g5plus.net/elementor/wp-content/plugins/g5-core/assets/vendors/jquery.countdown/jquery.countdown.min3601.js]
[glowing.g5plus.net/elementor/wp-content/plugins/g5-core/assets/vendors/jquery.cookie/jquery.cookie.min330a.js]
[glowing.g5plus.net/elementor/wp-content/plugins/g5-core/assets/vendors/justified-gallery/jquery.justifiedGallery.min3088.js]
[glowing.g5plus.net/elementor/wp-content/plugins/g5-core/inc/xmenu/assets/js/xmenu.min2846.js]
[glowing.g5plus.net/elementor/wp-content/plugins/g5-blog/assets/js/frontend.mincfa9.js]
[glowing.g5plus.net/elementor/wp-content/plugins/g5-core/assets/js/frontend.min2846.js]
[glowing.g5plus.net/elementor/wp-content/plugins/woocommerce/assets/js/frontend/add-to-cart-variation.minb6a4.js]
[glowing.g5plus.net/elementor/wp-content/plugins/woocommerce/assets/js/zoom/jquery.zoom.minea18.js]
[glowing.g5plus.net/elementor/wp-content/plugins/woocommerce/assets/js/photoswipe/photoswipe.minc12f.js]
[glowing.g5plus.net/elementor/wp-content/plugins/woocommerce/assets/js/photoswipe/photoswipe-ui-default.minc12f.js]
[glowing.g5plus.net/elementor/wp-content/plugins/woocommerce/assets/js/flexslider/jquery.flexslider.min2320.js]
[glowing.g5plus.net/elementor/wp-content/plugins/woocommerce/assets/js/frontend/single-product.minb6a4.js]
[glowing.g5plus.net/elementor/wp-content/plugins/g5-shop/assets/js/frontend.min54f4.js]
[glowing.g5plus.net/elementor/wp-content/plugins/woocommerce/assets/js/selectWoo/selectWoo.full.min4547.js]
[glowing.g5plus.net/elementor/wp-content/plugins/g5-shop/assets/js/swatches.min54f4.js]
[glowing.g5plus.net/elementor/wp-content/themes/glowing/assets/js/app.min8a54.js]
[glowing.g5plus.net/elementor/wp-content/plugins/ultimate-bootstrap-elements-for-elementor/assets/js/elements/slider32d4.js]
[glowing.g5plus.net/elementor/wp-content/plugins/g5-shop/assets/js/elements/product-tabs.min54f4.js]
[glowing.g5plus.net/elementor/wp-content/plugins/ultimate-bootstrap-elements-for-elementor/assets/js/elements/countdown.min32d4.js]
[glowing.g5plus.net/elementor/wp-content/plugins/ultimate-bootstrap-elements-for-elementor/assets/js/elements/social-icon.min32d4.js]
[glowing.g5plus.net/elementor/wp-content/plugins/mailchimp-for-wp/assets/js/forms6c42.js]
[glowing.g5plus.net/elementor/wp-content/plugins/elementor-pro/assets/js/webpack-pro.runtime.minf3df.js]
[glowing.g5plus.net/elementor/wp-content/plugins/elementor/assets/js/webpack.runtime.minf4e1.js]
[glowing.g5plus.net/elementor/wp-content/plugins/elementor/assets/js/frontend-modules.minf4e1.js]
[glowing.g5plus.net/elementor/wp-includes/js/dist/hooks.min4fdd.js]
[glowing.g5plus.net/elementor/wp-includes/js/dist/i18n.minc33c.js]
[glowing.g5plus.net/elementor/wp-content/plugins/elementor-pro/assets/js/frontend.minf3df.js]
[glowing.g5plus.net/elementor/wp-content/plugins/elementor/assets/lib/waypoints/waypoints.min05da.js]
[glowing.g5plus.net/elementor/wp-includes/js/jquery/ui/core.minb37e.js]
[glowing.g5plus.net/elementor/wp-content/plugins/elementor/assets/js/frontend.minf4e1.js]
[glowing.g5plus.net/elementor/home-03/index.html]
[glowing.g5plus.net/elementor/wp-content/plugins/elementor-pro/assets/js/elements-handlers.minf3df.js]
[gmpg.org/xfn/11.html]
[fonts.googleapis.com/index.html]
[glowing.g5plus.net/elementor/wp-content/plugins/yith-woocommerce-wishlist/assets/images/jquery.selectBox-arrow.png]
[glowing.g5plus.net/elementor/wp-content/plugins/yith-woocommerce-compare/assets/images/colorbox/controls.png]
[glowing.g5plus.net/elementor/wp-content/plugins/yith-woocommerce-compare/assets/images/colorbox/border.png]
[glowing.g5plus.net/elementor/wp-content/plugins/yith-woocommerce-compare/assets/images/colorbox/loading_background.png]
[glowing.g5plus.net/elementor/wp-content/plugins/yith-woocommerce-compare/assets/images/colorbox/loading.gif]
[glowing.g5plus.net/elementor/wp-content/plugins/g5-core/assets/images/close.png]
[glowing.g5plus.net/elementor/wp-content/plugins/woocommerce/assets/css/photoswipe/default-skin/default-skin.png]
[glowing.g5plus.net/elementor/wp-content/plugins/woocommerce/assets/css/photoswipe/default-skin/preloader.gif]
[glowing.g5plus.net/elementor/wp-content/themes/glowing/assets/images/templates/bg-landing-home-01.png]
[glowing.g5plus.net/elementor/wp-content/themes/glowing/assets/images/templates/bg-landing-home-02.png]
[glowing.g5plus.net/elementor/wp-content/litespeed/css/4d2aa288d77332dd4695b5fa7a96390f4648.css]
[glowing.g5plus.net/elementor/wp-includes/css/dist/block-library/style.min32d4.css]
[glowing.g5plus.net/elementor/wp-content/plugins/instagram-widget-by-wpzoom/dist/styles/library/swiper3e03.css]
[glowing.g5plus.net/elementor/wp-includes/css/dashicons.min32d4.css]
[glowing.g5plus.net/elementor/wp-content/plugins/g5-core/lib/smart-framework/assets/vendors/magnific-popup/magnific-popup.minf488.css]
[glowing.g5plus.net/elementor/wp-content/plugins/instagram-widget-by-wpzoom/dist/styles/frontend/block7e61.css]
[glowing.g5plus.net/elementor/wp-content/plugins/instagram-widget-by-wpzoom/dist/styles/frontend/indexb95e.css]
[glowing.g5plus.net/elementor/wp-content/plugins/woocommerce/packages/woocommerce-blocks/build/wc-blocks-vendors-style4ae6.css]
[glowing.g5plus.net/elementor/wp-content/plugins/woocommerce/packages/woocommerce-blocks/build/wc-blocks-style4ae6.css]
[glowing.g5plus.net/elementor/wp-content/plugins/yith-woocommerce-wishlist/assets/css/jquery.selectBox7359.css]
[glowing.g5plus.net/elementor/wp-content/plugins/yith-woocommerce-wishlist/assets/css/font-awesome1849.css]
[glowing.g5plus.net/elementor/wp-content/plugins/woocommerce/assets/css/prettyPhoto005e.css]
[glowing.g5plus.net/elementor/wp-content/plugins/yith-woocommerce-wishlist/assets/css/style12f9.css]
[glowing.g5plus.net/elementor/wp-content/plugins/contact-form-7/includes/css/styles40df.css]
[glowing.g5plus.net/elementor/wp-content/plugins/woocommerce/assets/css/woocommerce-layoutb6a4.css]
[glowing.g5plus.net/elementor/wp-content/plugins/woocommerce/assets/css/woocommerce-smallscreenb6a4.css]
[glowing.g5plus.net/elementor/wp-content/plugins/woocommerce/assets/css/woocommerceb6a4.css]
[glowing.g5plus.net/elementor/wp-content/plugins/g5-core/assets/vendors/font-awesome/css/all.min7a5f.css]
[glowing.g5plus.net/elementor/wp-content/plugins/yith-woocommerce-compare/assets/css/colorbox13ac.css]
[glowing.g5plus.net/elementor/wp-content/plugins/g5-core/assets/vendors/bootstrap/css/bootstrap.min89df.css]
[glowing.g5plus.net/elementor/wp-content/plugins/ultimate-bootstrap-elements-for-elementor/assets/css/frontend.min7359.css]
[glowing.g5plus.net/elementor/wp-content/plugins/elementor/assets/lib/eicons/css/elementor-icons.min7816.css]
[glowing.g5plus.net/elementor/wp-content/plugins/elementor/assets/css/frontend-lite.minf4e1.css]
[glowing.g5plus.net/elementor/wp-content/plugins/elementor-pro/assets/css/frontend-lite.minf3df.css]
[glowing.g5plus.net/elementor/wp-content/plugins/ultimate-bootstrap-elements-for-elementor/assets/css/responsive-frontend.min7359.css]
[glowing.g5plus.net/elementor/wp-content/plugins/elementor/assets/lib/font-awesome/css/all.minf4e1.css]
[glowing.g5plus.net/elementor/wp-content/plugins/elementor/assets/lib/font-awesome/css/v4-shims.minf4e1.css]
[glowing.g5plus.net/elementor/wp-content/plugins/g5-core/assets/vendors/bootstrap-select/css/bootstrap-select.min878e.css]
[glowing.g5plus.net/elementor/wp-content/plugins/g5-core/assets/vendors/slick/slick.minc245.css]
[glowing.g5plus.net/elementor/wp-content/plugins/g5-core/assets/vendors/ladda/ladda-themeless.min97de.css]
[glowing.g5plus.net/elementor/wp-content/plugins/g5-core/lib/smart-framework/assets/vendors/perfect-scrollbar/css/perfect-scrollbar.minceb8.css]
[glowing.g5plus.net/elementor/wp-content/plugins/g5-core/assets/vendors/justified-gallery/justifiedGallery.min3088.css]
[glowing.g5plus.net/elementor/wp-content/plugins/g5-core/assets/scss/frontend.min2846.css]
[glowing.g5plus.net/elementor/wp-content/plugins/g5-core/inc/xmenu/assets/css/animate.min9d52.css]
[glowing.g5plus.net/elementor/wp-content/plugins/g5-blog/assets/scss/frontend.mincfa9.css]
[glowing.g5plus.net/elementor/wp-content/plugins/woocommerce/assets/css/photoswipe/photoswipe.minb6a4.css]
[glowing.g5plus.net/elementor/wp-content/plugins/woocommerce/assets/css/photoswipe/default-skin/default-skin.minb6a4.css]
[glowing.g5plus.net/elementor/wp-content/plugins/woocommerce/assets/css/select2b6a4.css]
[glowing.g5plus.net/elementor/wp-content/plugins/g5-shop/assets/scss/frontend.min54f4.css]
[glowing.g5plus.net/elementor/wp-content/themes/glowing/assets/vendors/font-phosphor/css/phosphor.min8a54.css]
[glowing.g5plus.net/elementor/wp-content/themes/glowing/style8a54.css]
[glowing.g5plus.net/elementor/wp-content/themes/glowing/assets/css/woocommerce.min8a54.css]
[glowing.g5plus.net/elementor/wp-content/themes/glowing/assets/fonts/tuesday-night/stylesheet.min32d4.css]
[glowing.g5plus.net/elementor/wp-content/themes/glowing/assets/fonts/butler/stylesheet.min32d4.css]
[glowing.g5plus.net/elementor/wp-content/themes/glowing/assets/fonts/a-antara-distance/stylesheet.min32d4.css]
[glowing.g5plus.net/elementor/wp-content/uploads/2021/10/product-11-3-400x533.jpg]
[glowing.g5plus.net/elementor/wp-content/uploads/2021/10/product-11-1-1-400x533.jpg]
[glowing.g5plus.net/elementor/wp-content/uploads/2021/10/product-02-3-400x533.jpg]
[glowing.g5plus.net/elementor/wp-content/uploads/2021/10/product-02-1-1-400x533.jpg]
[glowing.g5plus.net/elementor/wp-content/uploads/2021/10/product-03-4-400x533.jpg]
[glowing.g5plus.net/elementor/wp-content/uploads/2021/10/product-03-1-1-400x533.jpg]
[glowing.g5plus.net/elementor/wp-content/uploads/2021/10/product-04-3-400x533.jpg]
[glowing.g5plus.net/elementor/wp-content/uploads/2021/10/product-04-1-1-400x533.jpg]
[glowing.g5plus.net/elementor/wp-content/uploads/2021/10/product-05-05-400x533.jpg]
[glowing.g5plus.net/elementor/wp-content/uploads/2021/10/product-05-1-1-400x533.jpg]
[glowing.g5plus.net/elementor/home-03/index043a.html]
[glowing.g5plus.net/elementor/home-03/index20d3.html]
[glowing.g5plus.net/elementor/wp-content/plugins/elementor/assets/lib/animations/animations.minf4e1.css]
[glowing.g5plus.net/elementor/home-03/indexb11e.html]
[mercantile.wordpress.org/product/wordpress-pennant/index.html]
[glowing.g5plus.net/elementor/home-03/index456b.html]
[glowing.g5plus.net/elementor/home-03/index850b.html]
[glowing.g5plus.net/elementor/home-03/index0235.html]
[glowing.g5plus.net/elementor/home-03/indexf41b.html]
[www.w3.org/StyleSheets/TR/base.css]
[www.w3.org/1999/xlink.html]
[gmpg.org/xfn/default.css]
[www.w3.org/1999/xhtml/index.html]
[gmpg.org/xfn/.html]
[gmpg.org/xfn/pix/intro/five-met.gif]
[glowing.g5plus.net/elementor/home-03/index8799.html]
[gmpg.org/xfn/pix/intro/five-acqfr.gif]
[gmpg.org/xfn/pix/intro/five-prof.gif]
[gmpg.org/xfn/pix/intro/five-lovefam.gif]
[gmpg.org/xfn/intro.html]
[gmpg.org/xfn/faq.html]
[gmpg.org/xfn/thanks.html]
[glowing.g5plus.net/elementor/wp-includes/css/dist/block-library/style.min32d4.css]
[glowing.g5plus.net/elementor/wp-content/plugins/instagram-widget-by-wpzoom/dist/styles/library/swiper3e03.css]
[glowing.g5plus.net/elementor/wp-includes/css/dashicons.min32d4.css]
[glowing.g5plus.net/elementor/wp-content/plugins/g5-core/lib/smart-framework/assets/vendors/magnific-popup/magnific-popup.minf488.css]
[glowing.g5plus.net/elementor/wp-content/plugins/instagram-widget-by-wpzoom/dist/styles/frontend/block7e61.css]
[glowing.g5plus.net/elementor/wp-content/plugins/instagram-widget-by-wpzoom/dist/styles/frontend/indexb95e.css]
[glowing.g5plus.net/elementor/wp-content/plugins/woocommerce/packages/woocommerce-blocks/build/wc-blocks-vendors-style4ae6.css]
[glowing.g5plus.net/elementor/wp-content/plugins/woocommerce/packages/woocommerce-blocks/build/wc-blocks-style4ae6.css]
[glowing.g5plus.net/elementor/wp-content/plugins/yith-woocommerce-wishlist/assets/images/jquery.selectBox-arrow.gif]
[glowing.g5plus.net/elementor/wp-content/plugins/yith-woocommerce-wishlist/assets/css/jquery.selectBox7359.css]
[glowing.g5plus.net/elementor/wp-content/plugins/yith-woocommerce-wishlist/assets/css/font-awesome1849.css]
[glowing.g5plus.net/elementor/wp-content/plugins/woocommerce/assets/css/prettyPhoto005e.css]
[glowing.g5plus.net/elementor/wp-content/plugins/yith-woocommerce-wishlist/assets/css/style12f9.css]
[glowing.g5plus.net/elementor/wp-content/plugins/contact-form-7/includes/css/styles40df.css]
[glowing.g5plus.net/elementor/wp-content/plugins/woocommerce/assets/css/woocommerce-layoutb6a4.css]
[glowing.g5plus.net/elementor/wp-content/plugins/woocommerce/assets/css/woocommerce-smallscreenb6a4.css]
[glowing.g5plus.net/elementor/wp-content/plugins/woocommerce/assets/css/woocommerceb6a4.css]
[glowing.g5plus.net/elementor/wp-content/plugins/g5-core/assets/vendors/font-awesome/css/all.min7a5f.css]
[glowing.g5plus.net/elementor/wp-content/plugins/yith-woocommerce-compare/assets/css/colorbox13ac.css]
[glowing.g5plus.net/elementor/wp-content/plugins/g5-core/assets/vendors/bootstrap/css/bootstrap.min89df.css]
[glowing.g5plus.net/elementor/wp-content/plugins/ultimate-bootstrap-elements-for-elementor/assets/css/frontend.min7359.css]
[glowing.g5plus.net/elementor/wp-content/plugins/elementor/assets/lib/eicons/css/elementor-icons.min7816.css]
[glowing.g5plus.net/elementor/wp-content/plugins/elementor/assets/css/frontend-lite.minf4e1.css]
[glowing.g5plus.net/elementor/wp-content/plugins/elementor-pro/assets/css/frontend-lite.minf3df.css]
[glowing.g5plus.net/elementor/wp-content/plugins/ultimate-bootstrap-elements-for-elementor/assets/css/responsive-frontend.min7359.css]
[glowing.g5plus.net/elementor/wp-content/plugins/elementor/assets/lib/font-awesome/css/all.minf4e1.css]
[glowing.g5plus.net/elementor/wp-content/plugins/elementor/assets/lib/font-awesome/css/v4-shims.minf4e1.css]
[glowing.g5plus.net/elementor/wp-content/plugins/g5-core/assets/vendors/bootstrap-select/css/bootstrap-select.min878e.css]
[glowing.g5plus.net/elementor/wp-content/plugins/g5-core/assets/vendors/slick/slick.minc245.css]
[glowing.g5plus.net/elementor/wp-content/plugins/g5-core/assets/vendors/ladda/ladda-themeless.min97de.css]
[glowing.g5plus.net/elementor/wp-content/plugins/g5-core/lib/smart-framework/assets/vendors/perfect-scrollbar/css/perfect-scrollbar.minceb8.css]
[glowing.g5plus.net/elementor/wp-content/plugins/g5-core/assets/vendors/justified-gallery/justifiedGallery.min3088.css]
[glowing.g5plus.net/elementor/wp-content/plugins/g5-core/assets/scss/frontend.min2846.css]
[glowing.g5plus.net/elementor/wp-content/plugins/g5-core/inc/xmenu/assets/css/animate.min9d52.css]
[glowing.g5plus.net/elementor/wp-content/plugins/g5-blog/assets/scss/frontend.mincfa9.css]
[glowing.g5plus.net/elementor/wp-content/plugins/woocommerce/assets/css/photoswipe/photoswipe.minb6a4.css]
[glowing.g5plus.net/elementor/wp-content/plugins/woocommerce/assets/css/photoswipe/default-skin/default-skin.minb6a4.css]
[glowing.g5plus.net/elementor/wp-content/plugins/woocommerce/assets/css/select2b6a4.css]
[glowing.g5plus.net/elementor/wp-content/plugins/g5-shop/assets/scss/frontend.min54f4.css]
[glowing.g5plus.net/elementor/wp-content/themes/glowing/assets/vendors/font-phosphor/css/phosphor.min8a54.css]
[glowing.g5plus.net/elementor/wp-content/themes/glowing/style8a54.css]
[glowing.g5plus.net/elementor/wp-content/themes/glowing/assets/css/woocommerce.min8a54.css]
[glowing.g5plus.net/elementor/wp-content/plugins/woocommerce/assets/css/photoswipe/default-skin/default-skin.svg]
[glowing.g5plus.net/elementor/wp-content/themes/glowing/assets/fonts/tuesday-night/TuesdayNight-Regular.woff2]
[glowing.g5plus.net/elementor/wp-content/themes/glowing/assets/fonts/tuesday-night/stylesheet.min32d4.css]
[glowing.g5plus.net/elementor/wp-content/themes/glowing/assets/fonts/butler/Butler.woff2]
[glowing.g5plus.net/elementor/wp-content/themes/glowing/assets/fonts/tuesday-night/TuesdayNight-Regular.woff]
[glowing.g5plus.net/elementor/wp-content/themes/glowing/assets/fonts/butler/Butler.woff]
[glowing.g5plus.net/elementor/wp-content/themes/glowing/assets/fonts/butler/Butler-Bold.woff2]
[glowing.g5plus.net/elementor/wp-content/themes/glowing/assets/fonts/butler/Butler-Bold.woff]
[glowing.g5plus.net/elementor/wp-content/themes/glowing/assets/fonts/butler/Butler-Medium.woff2]
[glowing.g5plus.net/elementor/wp-content/themes/glowing/assets/fonts/butler/stylesheet.min32d4.css]
[glowing.g5plus.net/elementor/wp-content/themes/glowing/assets/fonts/butler/Butler-Medium.woff]
[glowing.g5plus.net/elementor/wp-content/themes/glowing/assets/fonts/a-antara-distance/aAntaraDistance.woff2]
[glowing.g5plus.net/elementor/wp-content/themes/glowing/assets/fonts/a-antara-distance/stylesheet.min32d4.css]
[fonts.googleapis.com/cssda2b.css]
[fonts.googleapis.com/css23c5.css]
[glowing.g5plus.net/elementor/home-03/index0235.html]
[glowing.g5plus.net/elementor/home-03/indexf41b.html]
[glowing.g5plus.net/elementor/home-03/index8799.html]
[glowing.g5plus.net/elementor/wp-content/plugins/elementor/assets/lib/animations/animations.minf4e1.css]
[www.w3.org/StyleSheets/TR/base.css]
[www.w3.org/1999/xhtml/index.html]
[glowing.g5plus.net/elementor/wp-content/themes/glowing/assets/fonts/a-antara-distance/aAntaraDistance.woff]
[gmpg.org/xfn/index.html]
[gmpg.org/xfn/xfn-btn.gif]
[gmpg.org/xfn/join.html]
[gmpg.org/xfn/background.html]
[gmpg.org/xfn/tools.html]
[gmpg.org/xfn/pix/mememememe.png]
[gmpg.org/xfn/and/index.html]
[gmpg.org/xfn/helping.html]
[gmpg.org/xfn/feedback.html]
[gmpg.org/xfn/creator.html]
[gmpg.org/xfn/xfn-mini.gif]
[gmpg.org/xfn/more.html]
[gmpg.org/xfn/press.html]
[gmpg.org/xfn/index-2.html]
[glowing.g5plus.net/elementor/wp-content/plugins/woocommerce/assets/css/photoswipe/default-skin/default-skin.svg]
[gmpg.org/xfn/1.html]
[gmpg.org/xfn/creator-fr.html]
[gmpg.org/xfn/creator-it.html]
[gmpg.org/xfn/creator-es.html]
[gmpg.org/xfn/creator-nl.html]
[gmpg.org/xfn/creator-cs.html]
[gmpg.org/xfn/creator-ja.html]
[gmpg.org/xfn/and/foaf.html]
[gmpg.org/xfn/and/index-2.html]
[gmpg.org/xfn/count.css]
[junk.metafilter.com/xfn.gif]
